Array
(
    [akey] => asdLAKSDMlwq9384asor39qalaflanasal
    [email] => cvxc@ancor.lv
)
{"lang":"eng","country":"lt","id":"ade4b436ab7ae802a0e957cb9cdc10eb"}Array
(
    [akey] => asdLAKSDMlwq9384asor39qalaflanasal
    [email] => cvxc@ancor.ru
)
{"lang":"ru","country":"ru","id":"d3a986d2ebcd6273db05d85db3e3db49"}Array
(
    [akey] => asdLAKSDMlwq9384asor39qalaflanasal
    [email] => alexandr.bolotnikov@gmail.com
)
{"lang":"ru","country":"ru","id":"dc8a038b65ed39952d05e4459eb63346"}Array
(
    [akey] => asdLAKSDMlwq9384asor39qalaflanasal
    [email] => alexandr.bolotnikov@gmail.com
)
{"email":"alexandr.bolotnikov@gmail.com","lang":"ru","country":"ru","id":"9a4452b7be767807e3f48a100945658d"}Array
(
    [akey] => asdLAKSDMlwq9384asor39qalaflanasal
    [email] => sdf@ancor.ru
)
{"email":"sdf@ancor.ru","lang":"ru","country":"ru","id":"f4750d97aa699cbe7966ef95031dab93"}Array
(
    [akey] => asdLAKSDMlwq9384asor39qalaflanasal
    [email] => asdasd@ancor.kz
)
{"email":"asdasd@ancor.kz","lang":"ru","country":"kz","id":"180ec693941cc43ac7a3226d27305275"}Array
(
    [akey] => asdLAKSDMlwq9384asor39qalaflanasal
    [email] => fsadfsf@ancor.ru
)
{"email":"fsadfsf@ancor.ru","lang":"ru","country":"ru","id":"c5ccf794b868f7c7f8f0d17de48b00aa"}Array
(
    [akey] => asdLAKSDMlwq9384asor39qalaflanasal
    [email] => fsadfsf@ancor.ru
)
{"email":"fsadfsf@ancor.ru","lang":"ru","country":"ru","id":"d66fff12299ddf10f7dfa6243ed10b9e"}Array
(
    [akey] => asdLAKSDMlwq9384asor39qalaflanasal
    [email] => s.chsdf@ancor.ru
)
{"email":"s.chsdf@ancor.ru","lang":"ru","country":"ru","id":"2987d23c6b37de924fe619b87ad44fc1"}Array
(
    [akey] => asdLAKSDMlwq9384asor39qalaflanasal
    [email] => sdvxc@ancor.ru
)
{"email":"sdvxc@ancor.ru","lang":"ru","country":"ru","id":"83a5456d45d85ced815fc14da8837dc3"}Array
(
    [akey] => asdLAKSDMlwq9384asor39qalaflanasal
    [email] => fsdfs@ancor.kz
)
{"email":"fsdfs@ancor.kz","lang":"ru","country":"kz","id":"960aeda306b628ae903d4c00ac1166e6"}Array
(
    [akey] => asdLAKSDMlwq9384asor39qalaflanasal
    [email] => aasdasd@ancor.ru
)
{"email":"aasdasd@ancor.ru","lang":"ru","country":"ru","id":"e0cb2f30932be78c373113a2adb0995d"}Array
(
    [akey] => asdLAKSDMlwq9384asor39qalaflanasal
    [email] => sadfsdf@ancor.ru
)
{"email":"sadfsdf@ancor.ru","lang":"ru","country":"ru","id":"75224cddf56675efb058f0a473bd4171"}Array
(
    [akey] => asdLAKSDMlwq9384asor39qalaflanasal
    [email] => ghfghfg@ancor.ru
)
{"email":"ghfghfg@ancor.ru","lang":"ru","country":"ru","id":"756b2ff7a8117a3f6289207ef91ea241"}Array
(
    [akey] => asdLAKSDMlwq9384asor39qalaflanasal
    [email] => s.chikovani@ancor.ru
)
{"email":"s.chikovani@ancor.ru","lang":"ru","country":"ru","id":"894972cb9569a84114a410036cc4b426"}Array
(
    [akey] => asdLAKSDMlwq9384asor39qalaflanasal
    [email] => s.chikovani@ancor.ru
)
{"email":"s.chikovani@ancor.ru","lang":"ru","country":"ru","id":"b3ce6b6686a491a177d7c29e6a46ff0a"}Array
(
    [akey] => asdLAKSDMlwq9384asor39qalaflanasal
    [email] => s.chikovani@ancor.ru
)
{"email":"s.chikovani@ancor.ru","lang":"ru","country":"ru","id":"0a16f2c97accbdbc08fa85654ae927ff"}Array
(
    [akey] => asdLAKSDMlwq9384asor39qalaflanasal
    [email] => s.chikovani@ancor.ru
)
{"email":"s.chikovani@ancor.ru","lang":"ru","country":"ru","id":"1a944a017b1357eaafec8f7733a7a995"}